[05:53:42] [ServerMain/INFO]: [bootstrap] Running Java 21 (Java HotSpot(TM) 64-Bit Server VM 21.0.3+7-LTS-152; Oracle Corporation null) on Windows 11 10.0 (amd64)
[05:53:42] [ServerMain/INFO]: [bootstrap] Loading Paper 1.21-130-master@b1b5d4c (2024-08-10T10:02:42Z) for Minecraft 1.21
[05:53:42] [ServerMain/INFO]: [PluginInitializerManager] Initializing plugins...
[05:53:43] [ServerMain/INFO]: [PluginInitializerManager] Initialized 0 plugins
[05:53:46] [ServerMain/INFO]: Environment: Environment[sessionHost=https://sessionserver.mojang.com, servicesHost=https://api.minecraftservices.com, name=PROD]
[05:53:47] [ServerMain/INFO]: Found new data pack file/bukkit, loading it automatically
[05:53:47] [ServerMain/INFO]: Found new data pack paper, loading it automatically
[05:53:47] [ServerMain/INFO]: No existing world data, creating new world
[05:53:48] [ServerMain/INFO]: Loaded 1290 recipes
[05:53:48] [ServerMain/INFO]: Loaded 1399 advancements
[05:53:48] [Server thread/INFO]: Starting minecraft server version 1.21
[05:53:48] [Server thread/INFO]: Loading properties
[05:53:48] [Server thread/INFO]: This server is running Paper version 1.21-130-master@b1b5d4c (2024-08-10T10:02:42Z) (Implementing API version 1.21-R0.1-SNAPSHOT)
[05:53:49] [Server thread/INFO]: [spark] This server bundles the spark profiler. For more information please visit https://docs.papermc.io/paper/profiling
[05:53:49] [Server thread/INFO]: Server Ping Player Sample Count: 12
[05:53:49] [Server thread/INFO]: Using 4 threads for Netty based IO
[05:53:49] [Server thread/INFO]: [ChunkTaskScheduler] Chunk system is using 1 I/O threads, 4 worker threads, and population gen parallelism of 4 threads
[05:53:49] [Server thread/INFO]: Default game type: SURVIVAL
[05:53:49] [Server thread/INFO]: Generating keypair
[05:53:49] [Server thread/INFO]: Starting Minecraft server on *:25565
[05:53:50] [Server thread/INFO]: Using default channel type
[05:53:50] [Server thread/INFO]: Paper: Using Java compression from Velocity.
[05:53:50] [Server thread/INFO]: Paper: Using Java cipher from Velocity.
[05:53:50] [Server thread/INFO]: Preparing level "world"
[05:53:53] [Server thread/INFO]: Preparing start region for dimension minecraft:overworld
[05:53:55] [Server thread/INFO]: Time elapsed: 1727 ms
[05:53:55] [Server thread/INFO]: Preparing start region for dimension minecraft:the_nether
[05:53:55] [Server thread/INFO]: Time elapsed: 481 ms
[05:53:55] [Server thread/INFO]: Preparing start region for dimension minecraft:the_end
[05:53:55] [Server thread/INFO]: Time elapsed: 135 ms
[05:53:55] [Server thread/INFO]: [spark] Starting background profiler...
[05:53:55] [Server thread/INFO]: [spark] The async-profiler engine is not supported for your os/arch (windows11/amd64), so the built-in Java engine will be used instead.
[05:53:56] [Server thread/INFO]: Done preparing level "world" (6.012s)
[05:53:56] [Server thread/INFO]: Running delayed init tasks
[05:53:56] [Server thread/INFO]: Done (14.390s)! For help, type "help"
[05:53:56] [Server thread/INFO]: *************************************************************************************
[05:53:56] [Server thread/INFO]: This is the first time you're starting this server.
[05:53:56] [Server thread/INFO]: It's recommended you read our 'Getting Started' documentation for guidance.
[05:53:56] [Server thread/INFO]: View this and more helpful information here: https://docs.papermc.io/paper/next-steps
[05:53:56] [Server thread/INFO]: *************************************************************************************
[05:53:56] [Server thread/INFO]: Timings Reset
[05:53:59] [User Authenticator #0/INFO]: UUID of player Johnasan is 93fd5f7a-e007-4630-a671-2f0126883037
[05:53:59] [Server thread/INFO]: Johnasan joined the game
[05:53:59] [Server thread/INFO]: Johnasan[/[0:0:0:0:0:0:0:1]:52347] logged in with entity id 37 at ([world]41.5, 117.0, -7.5)
[05:54:51] [Server thread/INFO]: Stopping the server
[05:54:51] [Server thread/INFO]: Stopping server
[05:54:51] [Server thread/INFO]: Saving players
[05:54:51] [Server thread/INFO]: Johnasan lost connection: Server closed
[05:54:51] [Server thread/INFO]: Johnasan left the game
[05:54:51] [Server thread/INFO]: Saving worlds
[05:54:51] [Server thread/INFO]: Saving chunks for level 'ServerLevel[world]'/minecraft:overworld
[05:54:51] [Server thread/INFO]: [ChunkHolderManager] Waiting 60s for chunk system to halt for world 'world'
[05:54:51] [Server thread/INFO]: [ChunkHolderManager] Halted chunk system for world 'world'
[05:54:51] [Server thread/INFO]: [ChunkHolderManager] Saving all chunkholders for world 'world'
[05:54:53] [Server thread/INFO]: [ChunkHolderManager] Saved 2209 block chunks, 828 entity chunks, 7 poi chunks in world 'world' in 1.71s
[05:54:53] [Server thread/INFO]: Saving chunks for level 'ServerLevel[world_nether]'/minecraft:the_nether
[05:54:53] [Server thread/INFO]: [ChunkHolderManager] Waiting 60s for chunk system to halt for world 'world_nether'
[05:54:53] [Server thread/INFO]: [ChunkHolderManager] Halted chunk system for world 'world_nether'
[05:54:53] [Server thread/INFO]: [ChunkHolderManager] Saving all chunkholders for world 'world_nether'
[05:54:53] [Server thread/INFO]: [ChunkHolderManager] Saved 841 block chunks, 49 entity chunks, 0 poi chunks in world 'world_nether' in 0.17s
[05:54:53] [Server thread/INFO]: Saving chunks for level 'ServerLevel[world_the_end]'/minecraft:the_end
[05:54:53] [Server thread/INFO]: [ChunkHolderManager] Waiting 60s for chunk system to halt for world 'world_the_end'
[05:54:53] [Server thread/INFO]: [ChunkHolderManager] Halted chunk system for world 'world_the_end'
[05:54:53] [Server thread/INFO]: [ChunkHolderManager] Saving all chunkholders for world 'world_the_end'
[05:54:53] [Server thread/INFO]: [ChunkHolderManager] Saved 841 block chunks, 49 entity chunks, 0 poi chunks in world 'world_the_end' in 0.14s
[05:54:53] [Server thread/INFO]: ThreadedAnvilChunkStorage (world): All chunks are saved
[05:54:53] [Server thread/INFO]: ThreadedAnvilChunkStorage (DIM-1): All chunks are saved
[05:54:53] [Server thread/INFO]: ThreadedAnvilChunkStorage (DIM1): All chunks are saved
[05:54:53] [Server thread/INFO]: ThreadedAnvilChunkStorage: All dimensions are saved
