[00:28:43] [ServerMain/INFO]: Environment: authHost='https://authserver.mojang.com', accountsHost='https://api.mojang.com', sessionHost='https://sessionserver.mojang.com', servicesHost='https://api.minecraftservices.com', name='PROD'
[00:28:44] [ServerMain/INFO]: Loaded 7 recipes
[00:28:44] [Server thread/INFO]: Starting minecraft server version 1.20.1
[00:28:44] [Server thread/INFO]: Loading properties
[00:28:44] [Server thread/INFO]: This server is running Paper version git-Paper-196 (MC: 1.20.1) (Implementing API version 1.20.1-R0.1-SNAPSHOT) (Git: 773dd72)
[00:28:45] [Server thread/INFO]: Server Ping Player Sample Count: 12
[00:28:45] [Server thread/INFO]: Using 4 threads for Netty based IO
[00:28:45] [Server thread/WARN]: [!] The timings profiler has been enabled but has been scheduled for removal from Paper in the future.
    We recommend installing the spark profiler as a replacement: https://spark.lucko.me/
    For more information please visit: https://github.com/PaperMC/Paper/issues/8948
[00:28:45] [Server thread/INFO]: [ChunkTaskScheduler] Chunk system is using 1 I/O threads, 4 worker threads, and gen parallelism of 4 threads
[00:28:45] [Server thread/INFO]: Default game type: SURVIVAL
[00:28:45] [Server thread/INFO]: Generating keypair
[00:28:45] [Server thread/INFO]: Starting Minecraft server on *:25565
[00:28:45] [Server thread/INFO]: Using default channel type
[00:28:45] [Server thread/INFO]: Paper: Using Java compression from Velocity.
[00:28:45] [Server thread/INFO]: Paper: Using Java cipher from Velocity.
[00:28:45] [Server thread/INFO]: Server permissions file permissions.yml is empty, ignoring it
[00:28:45] [Server thread/INFO]: Preparing level "world"
[00:28:46] [Server thread/INFO]: Preparing start region for dimension minecraft:overworld
[00:28:46] [Server thread/INFO]: Time elapsed: 281 ms
[00:28:46] [Server thread/INFO]: Preparing start region for dimension minecraft:the_nether
[00:28:46] [Server thread/INFO]: Time elapsed: 24 ms
[00:28:46] [Server thread/INFO]: Preparing start region for dimension minecraft:the_end
[00:28:46] [Server thread/INFO]: Time elapsed: 24 ms
[00:28:46] [Server thread/INFO]: Running delayed init tasks
[00:28:46] [Server thread/INFO]: Done (1.864s)! For help, type "help"
[00:28:46] [Server thread/INFO]: Timings Reset
[00:29:10] [Server thread/INFO]: Unknown or incomplete command, see below for error
tp<--[HERE]
[00:29:11] [Server thread/INFO]: Unknown command. Type "/help" for help.
[00:29:16] [Server thread/INFO]: Unknown command. Type "/help" for help.
[00:29:20] [Server thread/INFO]: Unknown command. Type "/help" for help.
[00:29:23] [Server thread/INFO]: Unknown command. Type "/help" for help.
[00:29:34] [Server thread/INFO]: Stopping server
[00:29:34] [Server thread/INFO]: Saving players
[00:29:34] [Server thread/INFO]: Saving worlds
[00:29:34] [Server thread/INFO]: Saving chunks for level 'ServerLevel[world]'/minecraft:overworld
[00:29:34] [Server thread/INFO]: [ChunkHolderManager] Waiting 60s for chunk system to halt for world 'world'
[00:29:34] [Server thread/INFO]: [ChunkHolderManager] Halted chunk system for world 'world'
[00:29:34] [Server thread/INFO]: [ChunkHolderManager] Saving all chunkholders for world 'world'
[00:29:35] [Server thread/INFO]: [ChunkHolderManager] Saved 529 block chunks, 529 entity chunks, 0 poi chunks in world 'world' in 0,68s
[00:29:35] [Server thread/INFO]: ThreadedAnvilChunkStorage (world): All chunks are saved
[00:29:35] [Server thread/INFO]: Saving chunks for level 'ServerLevel[world_nether]'/minecraft:the_nether
[00:29:35] [Server thread/INFO]: [ChunkHolderManager] Waiting 60s for chunk system to halt for world 'world_nether'
[00:29:35] [Server thread/INFO]: [ChunkHolderManager] Halted chunk system for world 'world_nether'
[00:29:35] [Server thread/INFO]: [ChunkHolderManager] Saving all chunkholders for world 'world_nether'
[00:29:35] [Server thread/INFO]: [ChunkHolderManager] Saved 529 block chunks, 529 entity chunks, 0 poi chunks in world 'world_nether' in 0,41s
[00:29:35] [Server thread/INFO]: ThreadedAnvilChunkStorage (DIM-1): All chunks are saved
[00:29:35] [Server thread/INFO]: Saving chunks for level 'ServerLevel[world_the_end]'/minecraft:the_end
[00:29:35] [Server thread/INFO]: [ChunkHolderManager] Waiting 60s for chunk system to halt for world 'world_the_end'
[00:29:35] [Server thread/INFO]: [ChunkHolderManager] Halted chunk system for world 'world_the_end'
[00:29:35] [Server thread/INFO]: [ChunkHolderManager] Saving all chunkholders for world 'world_the_end'
[00:29:35] [Server thread/INFO]: [ChunkHolderManager] Saved 529 block chunks, 529 entity chunks, 0 poi chunks in world 'world_the_end' in 0,08s
[00:29:35] [Server thread/INFO]: ThreadedAnvilChunkStorage (DIM1): All chunks are saved
[00:29:35] [Server thread/INFO]: ThreadedAnvilChunkStorage: All dimensions are saved
[00:29:35] [Server thread/INFO]: Flushing Chunk IO
[00:29:35] [Server thread/INFO]: Closing Thread Pool
[00:29:35] [Server thread/INFO]: Closing Server
